{"/home/joel/notes-app/frontend/src/components/CoverSelector.tsx": {"path":"/home/joel/notes-app/frontend/src/components/CoverSelector.tsx","statementMap":{"0":{"start":{"line":1,"column":0},"end":{"line":1,"column":74}},"1":{"start":{"line":2,"column":0},"end":{"line":2,"column":38}},"2":{"start":{"line":3,"column":0},"end":{"line":3,"column":55}},"3":{"start":{"line":4,"column":0},"end":{"line":4,"column":59}},"4":{"start":{"line":15,"column":5},"end":{"line":164,"column":1}},"5":{"start":{"line":16,"column":36},"end":{"line":16,"column":60}},"6":{"start":{"line":17,"column":40},"end":{"line":17,"column":60}},"7":{"start":{"line":20,"column":34},"end":{"line":21,"column":null}},"8":{"start":{"line":23,"column":28},"end":{"line":23,"column":48}},"9":{"start":{"line":26,"column":27},"end":{"line":32,"column":8}},"10":{"start":{"line":29,"column":4},"end":{"line":31,"column":12}},"11":{"start":{"line":30,"column":6},"end":{"line":30,"column":41}},"12":{"start":{"line":34,"column":2},"end":{"line":50,"column":20}},"13":{"start":{"line":35,"column":19},"end":{"line":46,"column":5}},"14":{"start":{"line":36,"column":6},"end":{"line":36,"column":25}},"15":{"start":{"line":37,"column":6},"end":{"line":37,"column":26}},"16":{"start":{"line":38,"column":6},"end":{"line":44,"column":null}},"17":{"start":{"line":40,"column":25},"end":{"line":40,"column":69}},"18":{"start":{"line":41,"column":8},"end":{"line":41,"column":30}},"19":{"start":{"line":43,"column":8},"end":{"line":43,"column":34}},"20":{"start":{"line":45,"column":6},"end":{"line":45,"column":26}},"21":{"start":{"line":48,"column":4},"end":{"line":49,"column":32}},"22":{"start":{"line":48,"column":28},"end":{"line":48,"column":37}},"23":{"start":{"line":49,"column":9},"end":{"line":49,"column":32}},"24":{"start":{"line":52,"column":2},"end":{"line":57,"column":13}},"25":{"start":{"line":53,"column":4},"end":{"line":56,"column":null}},"26":{"start":{"line":54,"column":6},"end":{"line":54,"column":25}},"27":{"start":{"line":55,"column":6},"end":{"line":55,"column":29}},"28":{"start":{"line":59,"column":2},"end":{"line":163,"column":4}},"29":{"start":{"line":97,"column":43},"end":{"line":97,"column":57}},"30":{"start":{"line":136,"column":30},"end":{"line":137,"column":null}},"31":{"start":{"line":140,"column":34},"end":{"line":140,"column":49}},"32":{"start":{"line":141,"column":34},"end":{"line":141,"column":69}},"33":{"start":{"line":166,"column":0},"end":{"line":166,"column":29}}},"fnMap":{"0":{"name":"(anonymous_7)","decl":{"start":{"line":15,"column":5},"end":{"line":15,"column":6}},"loc":{"start":{"line":15,"column":50},"end":{"line":164,"column":1}}},"1":{"name":"(anonymous_8)","decl":{"start":{"line":28,"column":4},"end":{"line":28,"column":7}},"loc":{"start":{"line":28,"column":9},"end":{"line":32,"column":3}}},"2":{"name":"(anonymous_9)","decl":{"start":{"line":29,"column":19},"end":{"line":29,"column":20}},"loc":{"start":{"line":29,"column":66},"end":{"line":31,"column":5}}},"3":{"name":"(anonymous_10)","decl":{"start":{"line":34,"column":12},"end":{"line":34,"column":15}},"loc":{"start":{"line":34,"column":17},"end":{"line":50,"column":3}}},"4":{"name":"(anonymous_11)","decl":{"start":{"line":35,"column":19},"end":{"line":35,"column":24}},"loc":{"start":{"line":35,"column":30},"end":{"line":46,"column":5}}},"5":{"name":"(anonymous_12)","decl":{"start":{"line":52,"column":12},"end":{"line":52,"column":15}},"loc":{"start":{"line":52,"column":17},"end":{"line":57,"column":3}}},"6":{"name":"(anonymous_13)","decl":{"start":{"line":97,"column":37},"end":{"line":97,"column":40}},"loc":{"start":{"line":97,"column":43},"end":{"line":97,"column":57}}},"7":{"name":"(anonymous_14)","decl":{"start":{"line":135,"column":49},"end":{"line":135,"column":50}},"loc":{"start":{"line":136,"column":30},"end":{"line":137,"column":null}}},"8":{"name":"(anonymous_15)","decl":{"start":{"line":139,"column":41},"end":{"line":139,"column":44}},"loc":{"start":{"line":139,"column":46},"end":{"line":142,"column":33}}}},"branchMap":{"0":{"loc":{"start":{"line":48,"column":4},"end":{"line":49,"column":32}},"type":"if","locations":[{"start":{"line":48,"column":4},"end":{"line":49,"column":32}},{"start":{"line":49,"column":9},"end":{"line":49,"column":32}}]},"1":{"loc":{"start":{"line":53,"column":4},"end":{"line":56,"column":null}},"type":"if","locations":[{"start":{"line":53,"column":4},"end":{"line":56,"column":null}}]},"2":{"loc":{"start":{"line":118,"column":23},"end":{"line":121,"column":null}},"type":"binary-expr","locations":[{"start":{"line":118,"column":23},"end":{"line":118,"column":32}},{"start":{"line":119,"column":24},"end":{"line":119,"column":null}}]},"3":{"loc":{"start":{"line":124,"column":23},"end":{"line":124,"column":79}},"type":"binary-expr","locations":[{"start":{"line":124,"column":23},"end":{"line":124,"column":28}},{"start":{"line":124,"column":32},"end":{"line":124,"column":79}}]},"4":{"loc":{"start":{"line":126,"column":23},"end":{"line":152,"column":null}},"type":"binary-expr","locations":[{"start":{"line":126,"column":23},"end":{"line":126,"column":31}},{"start":{"line":126,"column":35},"end":{"line":126,"column":45}},{"start":{"line":127,"column":24},"end":{"line":151,"column":null}}]}},"s":{"0":1,"1":1,"2":1,"3":1,"4":1,"5":1,"6":1,"7":1,"8":1,"9":1,"10":1,"11":0,"12":1,"13":1,"14":0,"15":0,"16":0,"17":0,"18":0,"19":0,"20":0,"21":1,"22":0,"23":1,"24":1,"25":1,"26":1,"27":1,"28":1,"29":0,"30":0,"31":0,"32":0,"33":1},"f":{"0":1,"1":1,"2":0,"3":1,"4":0,"5":1,"6":0,"7":0,"8":0},"b":{"0":[0,1],"1":[1],"2":[1,0],"3":[1,0],"4":[1,0,0]}}
}
