TN:
SF:src/components/CoverSelector.tsx
FN:15,(anonymous_7)
FN:28,(anonymous_8)
FN:29,(anonymous_9)
FN:34,(anonymous_10)
FN:35,(anonymous_11)
FN:52,(anonymous_12)
FN:97,(anonymous_13)
FN:135,(anonymous_14)
FN:139,(anonymous_15)
FNF:9
FNH:4
FNDA:1,(anonymous_7)
FNDA:1,(anonymous_8)
FNDA:0,(anonymous_9)
FNDA:1,(anonymous_10)
FNDA:0,(anonymous_11)
FNDA:1,(anonymous_12)
FNDA:0,(anonymous_13)
FNDA:0,(anonymous_14)
FNDA:0,(anonymous_15)
DA:1,1
DA:2,1
DA:3,1
DA:4,1
DA:15,1
DA:16,1
DA:17,1
DA:20,1
DA:23,1
DA:26,1
DA:29,1
DA:30,0
DA:34,1
DA:35,1
DA:36,0
DA:37,0
DA:38,0
DA:40,0
DA:41,0
DA:43,0
DA:45,0
DA:48,1
DA:49,1
DA:52,1
DA:53,1
DA:54,1
DA:55,1
DA:59,1
DA:97,0
DA:136,0
DA:140,0
DA:141,0
DA:166,1
LF:33
LH:21
BRDA:48,0,0,0
BRDA:48,0,1,1
BRDA:53,1,0,1
BRDA:118,2,0,1
BRDA:118,2,1,0
BRDA:124,3,0,1
BRDA:124,3,1,0
BRDA:126,4,0,1
BRDA:126,4,1,0
BRDA:126,4,2,0
BRF:10
BRH:5
end_of_record
